<?xml version="1.0" encoding="UTF-8"?>
<testsuite xmlns:xsi="http://www.w3.org/2001/XMLSchema-instance" xsi:noNamespaceSchemaLocation="https://maven.apache.org/surefire/maven-surefire-plugin/xsd/surefire-test-report-3.0.xsd" version="3.0" name="com.blu4ck.Kodlama.io.Devs.ApplicationTests" time="6.231" tests="1" errors="0" skipped="0" failures="0">
  <properties>
[...]
</properties>
  <testcase name="contextLoads" classname="com.blu4ck.Kodlama.io.Devs.ApplicationTests" time="1.735">
    <system-out><![CDATA[17:02:54.133 [main] INFO org.springframework.test.context.support.AnnotationConfigContextLoaderUtils -- Could not detect default configuration classes for test class [com.blu4ck.Kodlama.io.Devs.ApplicationTests]: ApplicationTests does not declare any static, non-private, non-final, nested classes annotated with @Configuration.
17:02:54.331 [main] INFO org.springframework.boot.test.context.SpringBootTestContextBootstrapper -- Found @SpringBootConfiguration com.blu4ck.Kodlama.io.Devs.Application for test class com.blu4ck.Kodlama.io.Devs.ApplicationTests
17:02:54.679 [main] INFO org.springframework.boot.devtools.restart.RestartApplicationListener -- Restart disabled due to context in which it is running

  .   ____          _            __ _ _
 /\\ / ___'_ __ _ _(_)_ __  __ _ \ \ \ \
( ( )\___ | '_ | '_| | '_ \/ _` | \ \ \ \
 \\/  ___)| |_)| | | | | || (_| |  ) ) ) )
  '  |____| .__|_| |_|_| |_\__, | / / / /
 =========|_|==============|___/=/_/_/_/

 :: Spring Boot ::                (v3.3.2)

2024-07-20T17:02:55.255+03:00  INFO 1388 --- [Kodlama.io.Devs] [           main] c.b.Kodlama.io.Devs.ApplicationTests     : Starting ApplicationTests using Java 17.0.12 with PID 1388 (started by blu4c in C:\Users\blu4c\OneDrive\Desktop\blu4ck\Repositories\Kodlama.io.Devs)
2024-07-20T17:02:55.257+03:00  INFO 1388 --- [Kodlama.io.Devs] [           main] c.b.Kodlama.io.Devs.ApplicationTests     : No active profile set, falling back to 1 default profile: "default"
2024-07-20T17:02:58.263+03:00  INFO 1388 --- [Kodlama.io.Devs] [           main] c.b.Kodlama.io.Devs.ApplicationTests     : Started ApplicationTests in 3.611 seconds (process running for 5.505)
]]></system-out>
  </testcase>
</testsuite>